<?xml version="1.0" encoding="UTF-8" ?>
<testsuite failures="0" time="6.604" errors="0" skipped="2" tests="15" name="droolsbook.bank.service.impl.DefaultLoanApprovalServiceTest">
  <properties>
[...]
</properties>
  <testcase time="2.623" classname="droolsbook.bank.service.impl.DefaultLoanApprovalServiceTest" name="workItemSetup">
    <skipped message="for now"/>
    <system-err>SLF4J: Failed to load class &quot;org.slf4j.impl.StaticLoggerBinder&quot;.
SLF4J: Defaulting to no-operation (NOP) logger implementation
SLF4J: See http://www.slf4j.org/codes.html#StaticLoggerBinder for further details.
</system-err>
  </testcase>
  <testcase time="0.27" classname="droolsbook.bank.service.impl.DefaultLoanApprovalServiceTest" name="testTest"/>
  <testcase time="0.088" classname="droolsbook.bank.service.impl.DefaultLoanApprovalServiceTest" name="validateLoan"/>
  <testcase time="0.084" classname="droolsbook.bank.service.impl.DefaultLoanApprovalServiceTest" name="validatedSplit"/>
  <testcase time="0.035" classname="droolsbook.bank.service.impl.DefaultLoanApprovalServiceTest" name="notValid"/>
  <testcase time="0.083" classname="droolsbook.bank.service.impl.DefaultLoanApprovalServiceTest" name="amountToBorrow"/>
  <testcase time="0.027" classname="droolsbook.bank.service.impl.DefaultLoanApprovalServiceTest" name="amountToBorrowLow"/>
  <testcase time="0.073" classname="droolsbook.bank.service.impl.DefaultLoanApprovalServiceTest" name="amountToBorrowHighRatingCalculation"/>
  <testcase time="0.033" classname="droolsbook.bank.service.impl.DefaultLoanApprovalServiceTest" name="ratingCalculation"/>
  <testcase time="0.071" classname="droolsbook.bank.service.impl.DefaultLoanApprovalServiceTest" name="ratingSplitNodeOther"/>
  <testcase time="0.073" classname="droolsbook.bank.service.impl.DefaultLoanApprovalServiceTest" name="ratingSplitNodeAccept"/>
  <testcase time="3.084" classname="droolsbook.bank.service.impl.DefaultLoanApprovalServiceTest" name="processLoan"/>
  <testcase time="0.008" classname="droolsbook.bank.service.impl.DefaultLoanApprovalServiceTest" name="approveEventJoin"/>
  <testcase time="0.026" classname="droolsbook.bank.service.impl.DefaultLoanApprovalServiceTest" name="transferFunds"/>
  <testcase time="0.026" classname="droolsbook.bank.service.impl.DefaultLoanApprovalServiceTest" name="defaultBankingServiceTest">
    <skipped message="this is a abstract example"/>
  </testcase>
</testsuite>